<?xml version="1.0" encoding="UTF-8"?>
<testsuite name="otus.study.cashmachine.machine.service.CashMachineServiceTest" tests="5" skipped="0" failures="0" errors="0" timestamp="2023-06-20T14:13:44" hostname="COMP-01-WIN7" time="1.328">
  <properties/>
  <testcase name="changePinWithAnswer()" classname="otus.study.cashmachine.machine.service.CashMachineServiceTest" time="1.248"/>
  <testcase name="checkBalance()" classname="otus.study.cashmachine.machine.service.CashMachineServiceTest" time="0.014"/>
  <testcase name="changePin()" classname="otus.study.cashmachine.machine.service.CashMachineServiceTest" time="0.031"/>
  <testcase name="putMoney()" classname="otus.study.cashmachine.machine.service.CashMachineServiceTest" time="0.012"/>
  <testcase name="getMoney()" classname="otus.study.cashmachine.machine.service.CashMachineServiceTest" time="0.009"/>
  <system-out><![CDATA[]]></system-out>
  <system-err><![CDATA[]]></system-err>
</testsuite>
